running egg_info
writing ../../build/serial_mpu_reader/serial_mpu_reader.egg-info/PKG-INFO
writing dependency_links to ../../build/serial_mpu_reader/serial_mpu_reader.egg-info/dependency_links.txt
writing entry points to ../../build/serial_mpu_reader/serial_mpu_reader.egg-info/entry_points.txt
writing requirements to ../../build/serial_mpu_reader/serial_mpu_reader.egg-info/requires.txt
writing top-level names to ../../build/serial_mpu_reader/serial_mpu_reader.egg-info/top_level.txt
reading manifest file '../../build/serial_mpu_reader/serial_mpu_reader.egg-info/SOURCES.txt'
writing manifest file '../../build/serial_mpu_reader/serial_mpu_reader.egg-info/SOURCES.txt'
running build
running build_py
copying serial_mpu_reader/serial_reader.py -> /mnt/hdd/STM32/STM32Projects/BlackPillCDC/BlackPillCDC_RvizVisualization/build/serial_mpu_reader/build/lib/serial_mpu_reader
running install
running install_lib
copying /mnt/hdd/STM32/STM32Projects/BlackPillCDC/BlackPillCDC_RvizVisualization/build/serial_mpu_reader/build/lib/serial_mpu_reader/serial_reader.py -> /mnt/hdd/STM32/STM32Projects/BlackPillCDC/BlackPillCDC_RvizVisualization/install/serial_mpu_reader/lib/python3.10/site-packages/serial_mpu_reader
byte-compiling /mnt/hdd/STM32/STM32Projects/BlackPillCDC/BlackPillCDC_RvizVisualization/install/serial_mpu_reader/lib/python3.10/site-packages/serial_mpu_reader/serial_reader.py to serial_reader.cpython-310.pyc
running install_data
running install_egg_info
removing '/mnt/hdd/STM32/STM32Projects/BlackPillCDC/BlackPillCDC_RvizVisualization/install/serial_mpu_reader/lib/python3.10/site-packages/serial_mpu_reader-0.0.0-py3.10.egg-info' (and everything under it)
Copying ../../build/serial_mpu_reader/serial_mpu_reader.egg-info to /mnt/hdd/STM32/STM32Projects/BlackPillCDC/BlackPillCDC_RvizVisualization/install/serial_mpu_reader/lib/python3.10/site-packages/serial_mpu_reader-0.0.0-py3.10.egg-info
running install_scripts
Installing serial_reader script to /mnt/hdd/STM32/STM32Projects/BlackPillCDC/BlackPillCDC_RvizVisualization/install/serial_mpu_reader/lib/serial_mpu_reader
writing list of installed files to '/mnt/hdd/STM32/STM32Projects/BlackPillCDC/BlackPillCDC_RvizVisualization/build/serial_mpu_reader/install.log'
