[1.900s] Invoking command in '/mnt/hdd/STM32/STM32Projects/BlackPillCDC/BlackPillCDC_RvizVisualization/src/serial_mpu_reader': PYTHONPATH=/mnt/hdd/STM32/STM32Projects/BlackPillCDC/BlackPillCDC_RvizVisualization/build/serial_mpu_reader/prefix_override:/usr/lib/python3/dist-packages/colcon_core/task/python/colcon_distutils_commands:/mnt/hdd/STM32/STM32Projects/BlackPillCDC/BlackPillCDC_RvizVisualization/install/serial_mpu_reader/lib/python3.10/site-packages:${PYTHONPATH} /usr/bin/python3 -W ignore:setup.py install is deprecated -W ignore:easy_install command is deprecated setup.py egg_info --egg-base ../../build/serial_mpu_reader build --build-base /mnt/hdd/STM32/STM32Projects/BlackPillCDC/BlackPillCDC_RvizVisualization/build/serial_mpu_reader/build install --record /mnt/hdd/STM32/STM32Projects/BlackPillCDC/BlackPillCDC_RvizVisualization/build/serial_mpu_reader/install.log --single-version-externally-managed install_data
[2.068s] running egg_info
[2.068s] writing ../../build/serial_mpu_reader/serial_mpu_reader.egg-info/PKG-INFO
[2.069s] writing dependency_links to ../../build/serial_mpu_reader/serial_mpu_reader.egg-info/dependency_links.txt
[2.069s] writing entry points to ../../build/serial_mpu_reader/serial_mpu_reader.egg-info/entry_points.txt
[2.069s] writing requirements to ../../build/serial_mpu_reader/serial_mpu_reader.egg-info/requires.txt
[2.069s] writing top-level names to ../../build/serial_mpu_reader/serial_mpu_reader.egg-info/top_level.txt
[2.070s] reading manifest file '../../build/serial_mpu_reader/serial_mpu_reader.egg-info/SOURCES.txt'
[2.071s] writing manifest file '../../build/serial_mpu_reader/serial_mpu_reader.egg-info/SOURCES.txt'
[2.071s] running build
[2.071s] running build_py
[2.071s] running install
[2.072s] running install_lib
[2.072s] running install_data
[2.073s] running install_egg_info
[2.074s] removing '/mnt/hdd/STM32/STM32Projects/BlackPillCDC/BlackPillCDC_RvizVisualization/install/serial_mpu_reader/lib/python3.10/site-packages/serial_mpu_reader-0.0.0-py3.10.egg-info' (and everything under it)
[2.074s] Copying ../../build/serial_mpu_reader/serial_mpu_reader.egg-info to /mnt/hdd/STM32/STM32Projects/BlackPillCDC/BlackPillCDC_RvizVisualization/install/serial_mpu_reader/lib/python3.10/site-packages/serial_mpu_reader-0.0.0-py3.10.egg-info
[2.075s] running install_scripts
[2.090s] Installing serial_reader script to /mnt/hdd/STM32/STM32Projects/BlackPillCDC/BlackPillCDC_RvizVisualization/install/serial_mpu_reader/lib/serial_mpu_reader
[2.090s] writing list of installed files to '/mnt/hdd/STM32/STM32Projects/BlackPillCDC/BlackPillCDC_RvizVisualization/build/serial_mpu_reader/install.log'
[2.109s] Invoked command in '/mnt/hdd/STM32/STM32Projects/BlackPillCDC/BlackPillCDC_RvizVisualization/src/serial_mpu_reader' returned '0': PYTHONPATH=/mnt/hdd/STM32/STM32Projects/BlackPillCDC/BlackPillCDC_RvizVisualization/build/serial_mpu_reader/prefix_override:/usr/lib/python3/dist-packages/colcon_core/task/python/colcon_distutils_commands:/mnt/hdd/STM32/STM32Projects/BlackPillCDC/BlackPillCDC_RvizVisualization/install/serial_mpu_reader/lib/python3.10/site-packages:${PYTHONPATH} /usr/bin/python3 -W ignore:setup.py install is deprecated -W ignore:easy_install command is deprecated setup.py egg_info --egg-base ../../build/serial_mpu_reader build --build-base /mnt/hdd/STM32/STM32Projects/BlackPillCDC/BlackPillCDC_RvizVisualization/build/serial_mpu_reader/build install --record /mnt/hdd/STM32/STM32Projects/BlackPillCDC/BlackPillCDC_RvizVisualization/build/serial_mpu_reader/install.log --single-version-externally-managed install_data
