[0.410s] Invoking command in '/mnt/hdd/stm32/stm32_projects/BlackPillCDC/BlackPillCDC_RvizVisualization/src/serial_mpu_reader': PYTHONPATH=/mnt/hdd/stm32/stm32_projects/BlackPillCDC/BlackPillCDC_RvizVisualization/build/serial_mpu_reader/prefix_override:/usr/lib/python3/dist-packages/colcon_core/task/python/colcon_distutils_commands:/mnt/hdd/stm32/stm32_projects/BlackPillCDC/BlackPillCDC_RvizVisualization/install/serial_mpu_reader/lib/python3.10/site-packages:${PYTHONPATH} /usr/bin/python3 -W ignore:setup.py install is deprecated -W ignore:easy_install command is deprecated setup.py egg_info --egg-base ../../build/serial_mpu_reader build --build-base /mnt/hdd/stm32/stm32_projects/BlackPillCDC/BlackPillCDC_RvizVisualization/build/serial_mpu_reader/build install --record /mnt/hdd/stm32/stm32_projects/BlackPillCDC/BlackPillCDC_RvizVisualization/build/serial_mpu_reader/install.log --single-version-externally-managed install_data
[0.564s] running egg_info
[0.565s] writing ../../build/serial_mpu_reader/serial_mpu_reader.egg-info/PKG-INFO
[0.565s] writing dependency_links to ../../build/serial_mpu_reader/serial_mpu_reader.egg-info/dependency_links.txt
[0.565s] writing entry points to ../../build/serial_mpu_reader/serial_mpu_reader.egg-info/entry_points.txt
[0.565s] writing requirements to ../../build/serial_mpu_reader/serial_mpu_reader.egg-info/requires.txt
[0.565s] writing top-level names to ../../build/serial_mpu_reader/serial_mpu_reader.egg-info/top_level.txt
[0.566s] reading manifest file '../../build/serial_mpu_reader/serial_mpu_reader.egg-info/SOURCES.txt'
[0.567s] writing manifest file '../../build/serial_mpu_reader/serial_mpu_reader.egg-info/SOURCES.txt'
[0.567s] running build
[0.567s] running build_py
[0.567s] running install
[0.568s] running install_lib
[0.568s] running install_data
[0.568s] running install_egg_info
[0.570s] removing '/mnt/hdd/stm32/stm32_projects/BlackPillCDC/BlackPillCDC_RvizVisualization/install/serial_mpu_reader/lib/python3.10/site-packages/serial_mpu_reader-0.0.0-py3.10.egg-info' (and everything under it)
[0.570s] Copying ../../build/serial_mpu_reader/serial_mpu_reader.egg-info to /mnt/hdd/stm32/stm32_projects/BlackPillCDC/BlackPillCDC_RvizVisualization/install/serial_mpu_reader/lib/python3.10/site-packages/serial_mpu_reader-0.0.0-py3.10.egg-info
[0.570s] running install_scripts
[0.585s] Installing serial_reader script to /mnt/hdd/stm32/stm32_projects/BlackPillCDC/BlackPillCDC_RvizVisualization/install/serial_mpu_reader/lib/serial_mpu_reader
[0.585s] writing list of installed files to '/mnt/hdd/stm32/stm32_projects/BlackPillCDC/BlackPillCDC_RvizVisualization/build/serial_mpu_reader/install.log'
[0.603s] Invoked command in '/mnt/hdd/stm32/stm32_projects/BlackPillCDC/BlackPillCDC_RvizVisualization/src/serial_mpu_reader' returned '0': PYTHONPATH=/mnt/hdd/stm32/stm32_projects/BlackPillCDC/BlackPillCDC_RvizVisualization/build/serial_mpu_reader/prefix_override:/usr/lib/python3/dist-packages/colcon_core/task/python/colcon_distutils_commands:/mnt/hdd/stm32/stm32_projects/BlackPillCDC/BlackPillCDC_RvizVisualization/install/serial_mpu_reader/lib/python3.10/site-packages:${PYTHONPATH} /usr/bin/python3 -W ignore:setup.py install is deprecated -W ignore:easy_install command is deprecated setup.py egg_info --egg-base ../../build/serial_mpu_reader build --build-base /mnt/hdd/stm32/stm32_projects/BlackPillCDC/BlackPillCDC_RvizVisualization/build/serial_mpu_reader/build install --record /mnt/hdd/stm32/stm32_projects/BlackPillCDC/BlackPillCDC_RvizVisualization/build/serial_mpu_reader/install.log --single-version-externally-managed install_data
