[0.425s] Invoking command in '/mnt/hdd/STM32/STM32Projects/BlackPillCDC/BlackPillCDC_RvizVisualization/src/serial_mpu_reader': PYTHONPATH=/mnt/hdd/STM32/STM32Projects/BlackPillCDC/BlackPillCDC_RvizVisualization/build/serial_mpu_reader/prefix_override:/usr/lib/python3/dist-packages/colcon_core/task/python/colcon_distutils_commands:/mnt/hdd/STM32/STM32Projects/BlackPillCDC/BlackPillCDC_RvizVisualization/install/serial_mpu_reader/lib/python3.10/site-packages:${PYTHONPATH} /usr/bin/python3 -W ignore:setup.py install is deprecated -W ignore:easy_install command is deprecated setup.py egg_info --egg-base ../../build/serial_mpu_reader build --build-base /mnt/hdd/STM32/STM32Projects/BlackPillCDC/BlackPillCDC_RvizVisualization/build/serial_mpu_reader/build install --record /mnt/hdd/STM32/STM32Projects/BlackPillCDC/BlackPillCDC_RvizVisualization/build/serial_mpu_reader/install.log --single-version-externally-managed install_data
[0.579s] running egg_info
[0.580s] creating ../../build/serial_mpu_reader/serial_mpu_reader.egg-info
[0.580s] writing ../../build/serial_mpu_reader/serial_mpu_reader.egg-info/PKG-INFO
[0.580s] writing dependency_links to ../../build/serial_mpu_reader/serial_mpu_reader.egg-info/dependency_links.txt
[0.580s] writing entry points to ../../build/serial_mpu_reader/serial_mpu_reader.egg-info/entry_points.txt
[0.580s] writing requirements to ../../build/serial_mpu_reader/serial_mpu_reader.egg-info/requires.txt
[0.580s] writing top-level names to ../../build/serial_mpu_reader/serial_mpu_reader.egg-info/top_level.txt
[0.580s] writing manifest file '../../build/serial_mpu_reader/serial_mpu_reader.egg-info/SOURCES.txt'
[0.581s] reading manifest file '../../build/serial_mpu_reader/serial_mpu_reader.egg-info/SOURCES.txt'
[0.582s] writing manifest file '../../build/serial_mpu_reader/serial_mpu_reader.egg-info/SOURCES.txt'
[0.582s] running build
[0.582s] running build_py
[0.582s] creating /mnt/hdd/STM32/STM32Projects/BlackPillCDC/BlackPillCDC_RvizVisualization/build/serial_mpu_reader/build
[0.582s] creating /mnt/hdd/STM32/STM32Projects/BlackPillCDC/BlackPillCDC_RvizVisualization/build/serial_mpu_reader/build/lib
[0.582s] creating /mnt/hdd/STM32/STM32Projects/BlackPillCDC/BlackPillCDC_RvizVisualization/build/serial_mpu_reader/build/lib/serial_mpu_reader
[0.582s] copying serial_mpu_reader/__init__.py -> /mnt/hdd/STM32/STM32Projects/BlackPillCDC/BlackPillCDC_RvizVisualization/build/serial_mpu_reader/build/lib/serial_mpu_reader
[0.582s] copying serial_mpu_reader/serial_reader.py -> /mnt/hdd/STM32/STM32Projects/BlackPillCDC/BlackPillCDC_RvizVisualization/build/serial_mpu_reader/build/lib/serial_mpu_reader
[0.582s] running install
[0.583s] running install_lib
[0.583s] creating /mnt/hdd/STM32/STM32Projects/BlackPillCDC/BlackPillCDC_RvizVisualization/install/serial_mpu_reader/lib/python3.10/site-packages/serial_mpu_reader
[0.583s] copying /mnt/hdd/STM32/STM32Projects/BlackPillCDC/BlackPillCDC_RvizVisualization/build/serial_mpu_reader/build/lib/serial_mpu_reader/__init__.py -> /mnt/hdd/STM32/STM32Projects/BlackPillCDC/BlackPillCDC_RvizVisualization/install/serial_mpu_reader/lib/python3.10/site-packages/serial_mpu_reader
[0.583s] copying /mnt/hdd/STM32/STM32Projects/BlackPillCDC/BlackPillCDC_RvizVisualization/build/serial_mpu_reader/build/lib/serial_mpu_reader/serial_reader.py -> /mnt/hdd/STM32/STM32Projects/BlackPillCDC/BlackPillCDC_RvizVisualization/install/serial_mpu_reader/lib/python3.10/site-packages/serial_mpu_reader
[0.583s] byte-compiling /mnt/hdd/STM32/STM32Projects/BlackPillCDC/BlackPillCDC_RvizVisualization/install/serial_mpu_reader/lib/python3.10/site-packages/serial_mpu_reader/__init__.py to __init__.cpython-310.pyc
[0.583s] byte-compiling /mnt/hdd/STM32/STM32Projects/BlackPillCDC/BlackPillCDC_RvizVisualization/install/serial_mpu_reader/lib/python3.10/site-packages/serial_mpu_reader/serial_reader.py to serial_reader.cpython-310.pyc
[0.584s]   File "/mnt/hdd/STM32/STM32Projects/BlackPillCDC/BlackPillCDC_RvizVisualization/install/serial_mpu_reader/lib/python3.10/site-packages/serial_mpu_reader/serial_reader.py", line 1
[0.584s]     <LeftMouse>import rclpy
[0.584s]     ^
[0.584s] SyntaxError: invalid syntax
[0.584s] 
[0.584s] running install_data
[0.584s] creating /mnt/hdd/STM32/STM32Projects/BlackPillCDC/BlackPillCDC_RvizVisualization/install/serial_mpu_reader/share/ament_index
[0.584s] creating /mnt/hdd/STM32/STM32Projects/BlackPillCDC/BlackPillCDC_RvizVisualization/install/serial_mpu_reader/share/ament_index/resource_index
[0.584s] creating /mnt/hdd/STM32/STM32Projects/BlackPillCDC/BlackPillCDC_RvizVisualization/install/serial_mpu_reader/share/ament_index/resource_index/packages
[0.584s] copying resource/serial_mpu_reader -> /mnt/hdd/STM32/STM32Projects/BlackPillCDC/BlackPillCDC_RvizVisualization/install/serial_mpu_reader/share/ament_index/resource_index/packages
[0.584s] copying package.xml -> /mnt/hdd/STM32/STM32Projects/BlackPillCDC/BlackPillCDC_RvizVisualization/install/serial_mpu_reader/share/serial_mpu_reader
[0.584s] running install_egg_info
[0.585s] Copying ../../build/serial_mpu_reader/serial_mpu_reader.egg-info to /mnt/hdd/STM32/STM32Projects/BlackPillCDC/BlackPillCDC_RvizVisualization/install/serial_mpu_reader/lib/python3.10/site-packages/serial_mpu_reader-0.0.0-py3.10.egg-info
[0.586s] running install_scripts
[0.603s] Installing serial_reader script to /mnt/hdd/STM32/STM32Projects/BlackPillCDC/BlackPillCDC_RvizVisualization/install/serial_mpu_reader/lib/serial_mpu_reader
[0.604s] writing list of installed files to '/mnt/hdd/STM32/STM32Projects/BlackPillCDC/BlackPillCDC_RvizVisualization/build/serial_mpu_reader/install.log'
[0.624s] Invoked command in '/mnt/hdd/STM32/STM32Projects/BlackPillCDC/BlackPillCDC_RvizVisualization/src/serial_mpu_reader' returned '0': PYTHONPATH=/mnt/hdd/STM32/STM32Projects/BlackPillCDC/BlackPillCDC_RvizVisualization/build/serial_mpu_reader/prefix_override:/usr/lib/python3/dist-packages/colcon_core/task/python/colcon_distutils_commands:/mnt/hdd/STM32/STM32Projects/BlackPillCDC/BlackPillCDC_RvizVisualization/install/serial_mpu_reader/lib/python3.10/site-packages:${PYTHONPATH} /usr/bin/python3 -W ignore:setup.py install is deprecated -W ignore:easy_install command is deprecated setup.py egg_info --egg-base ../../build/serial_mpu_reader build --build-base /mnt/hdd/STM32/STM32Projects/BlackPillCDC/BlackPillCDC_RvizVisualization/build/serial_mpu_reader/build install --record /mnt/hdd/STM32/STM32Projects/BlackPillCDC/BlackPillCDC_RvizVisualization/build/serial_mpu_reader/install.log --single-version-externally-managed install_data
